<?xml version="1.0" encoding="utf-8"?>
<test-run id="2" name="coding_challenge.dll" fullname="/Users/sebastiantatar/Documents/Media/Personal Stuff/Jobs/job_application_2024/Job_8_CGM/coding_challenge/bin/Debug/net8.0/coding_challenge.dll" testcasecount="6" result="Passed" start-time="2023-12-24T19:49:22.9789060Z" end-time="2023-12-24T19:49:23.0043400Z" duration="0.025418" total="6" passed="6" failed="0" inconclusive="0" skipped="0" warnings="0" asserts="0" random-seed="1058924305">
  <command-line><![CDATA["/Users/sebastiantatar/Documents/Media/Personal Stuff/Jobs/job_application_2024/Job_8_CGM/coding_challenge/bin/Debug/net8.0/coding_challenge.dll" -test]]></command-line>
  <filter />
  <test-suite type="Assembly" id="1009" name="coding_challenge.dll" fullname="/Users/sebastiantatar/Documents/Media/Personal Stuff/Jobs/job_application_2024/Job_8_CGM/coding_challenge/bin/Debug/net8.0/coding_challenge.dll" runstate="Runnable" testcasecount="6" result="Passed" start-time="2023-12-24T19:49:22.9789060Z" end-time="2023-12-24T19:49:23.0043400Z" duration="0.025418" total="6" passed="6" failed="0" warnings="0" inconclusive="0" skipped="0" asserts="0">
    <environment framework-version="4.0.1.0" clr-version="8.0.0" os-version="Darwin 23.2.0 Darwin Kernel Version 23.2.0: Wed Nov 15 21:53:18 PST 2023; root:xnu-10002.61.3~2/RELEASE_ARM64_T6000" platform="Unix" cwd="/Users/sebastiantatar/Documents/Media/Personal Stuff/Jobs/job_application_2024/Job_8_CGM/coding_challenge" machine-name="Sebastians-MacBook-Pro" user="sebastiantatar" user-domain="Sebastians-MacBook-Pro" culture="en-AT" uiculture="en-AT" os-architecture="x64" />
    <settings>
      <setting name="WorkDirectory" value="/Users/sebastiantatar/Documents/Media/Personal Stuff/Jobs/job_application_2024/Job_8_CGM/coding_challenge" />
      <setting name="NumberOfTestWorkers" value="10" />
    </settings>
    <properties>
      <property name="_PID" value="30755" />
      <property name="_APPDOMAIN" value="coding_challenge" />
    </properties>
    <test-suite type="TestSuite" id="1010" name="HCS_Tatar" fullname="HCS_Tatar" runstate="Runnable" testcasecount="6" result="Passed" start-time="2023-12-24T19:49:22.9810930Z" end-time="2023-12-24T19:49:23.0043290Z" duration="0.023236" total="6" passed="6" failed="0" warnings="0" inconclusive="0" skipped="0" asserts="0">
      <test-suite type="TestFixture" id="1000" name="UnitTest" fullname="HCS_Tatar.UnitTest" classname="HCS_Tatar.UnitTest" runstate="Runnable" testcasecount="6" result="Passed" start-time="2023-12-24T19:49:22.9817290Z" end-time="2023-12-24T19:49:23.0043140Z" duration="0.022585" total="6" passed="6" failed="0" warnings="0" inconclusive="0" skipped="0" asserts="0">
        <test-suite type="ParameterizedMethod" id="1004" name="AddQuestionsTest" fullname="HCS_Tatar.UnitTest.AddQuestionsTest" classname="HCS_Tatar.UnitTest" runstate="Runnable" testcasecount="3" result="Passed" start-time="2023-12-24T19:49:22.9836260Z" end-time="2023-12-24T19:49:23.0028140Z" duration="0.019188" total="3" passed="3" failed="0" warnings="0" inconclusive="0" skipped="0" asserts="0">
          <properties>
            <property name="Order" value="1" />
          </properties>
          <test-case id="1001" name="AddQuestionsTest(&quot;What is Jane's favorite colors? \&quot;Red\&quot; \&quot;Purple\&quot;&quot;)" fullname="HCS_Tatar.UnitTest.AddQuestionsTest(&quot;What is Jane's favorite colors? \&quot;Red\&quot; \&quot;Purple\&quot;&quot;)" methodname="AddQuestionsTest" classname="HCS_Tatar.UnitTest" runstate="Runnable" seed="1580461535" result="Passed" start-time="2023-12-24T19:49:22.9837070Z" end-time="2023-12-24T19:49:23.0008060Z" duration="0.017135" asserts="0" />
          <test-case id="1002" name="AddQuestionsTest(&quot;What is Peters favorite food? \&quot;Pizza\&quot; \&quot;Spaghetti\&quot; \&quot;Ice cream\&quot;&quot;)" fullname="HCS_Tatar.UnitTest.AddQuestionsTest(&quot;What is Peters favorite food? \&quot;Pizza\&quot; \&quot;Spaghetti\&quot; \&quot;Ice cream\&quot;&quot;)" methodname="AddQuestionsTest" classname="HCS_Tatar.UnitTest" runstate="Runnable" seed="936651992" result="Passed" start-time="2023-12-24T19:49:23.0014780Z" end-time="2023-12-24T19:49:23.0021930Z" duration="0.000714" asserts="0" />
          <test-case id="1003" name="AddQuestionsTest(&quot;What are three german car brands? \&quot;Volkswagen\&quot; \&quot;Mercedes\&quot; \&quot;Audi\&quot;&quot;)" fullname="HCS_Tatar.UnitTest.AddQuestionsTest(&quot;What are three german car brands? \&quot;Volkswagen\&quot; \&quot;Mercedes\&quot; \&quot;Audi\&quot;&quot;)" methodname="AddQuestionsTest" classname="HCS_Tatar.UnitTest" runstate="Runnable" seed="355441880" result="Passed" start-time="2023-12-24T19:49:23.0022070Z" end-time="2023-12-24T19:49:23.0023750Z" duration="0.000167" asserts="0" />
        </test-suite>
        <test-suite type="ParameterizedMethod" id="1008" name="RetrieveAnswerTest" fullname="HCS_Tatar.UnitTest.RetrieveAnswerTest" classname="HCS_Tatar.UnitTest" runstate="Runnable" testcasecount="3" result="Passed" start-time="2023-12-24T19:49:23.0030470Z" end-time="2023-12-24T19:49:23.0040620Z" duration="0.001015" total="3" passed="3" failed="0" warnings="0" inconclusive="0" skipped="0" asserts="0">
          <properties>
            <property name="Order" value="2" />
          </properties>
          <test-case id="1005" name="RetrieveAnswerTest(&quot;What is Jane's favorite colors?&quot;,[&quot;Red&quot;, &quot;Purple&quot;])" fullname="HCS_Tatar.UnitTest.RetrieveAnswerTest(&quot;What is Jane's favorite colors?&quot;,[&quot;Red&quot;, &quot;Purple&quot;])" methodname="RetrieveAnswerTest" classname="HCS_Tatar.UnitTest" runstate="Runnable" seed="1125416827" result="Passed" start-time="2023-12-24T19:49:23.0030680Z" end-time="2023-12-24T19:49:23.0036270Z" duration="0.000559" asserts="0" />
          <test-case id="1006" name="RetrieveAnswerTest(&quot;What is Peters favorite food?&quot;,[&quot;Pizza&quot;, &quot;Spaghetti&quot;, &quot;Ice cream&quot;])" fullname="HCS_Tatar.UnitTest.RetrieveAnswerTest(&quot;What is Peters favorite food?&quot;,[&quot;Pizza&quot;, &quot;Spaghetti&quot;, &quot;Ice cream&quot;])" methodname="RetrieveAnswerTest" classname="HCS_Tatar.UnitTest" runstate="Runnable" seed="1147557170" result="Passed" start-time="2023-12-24T19:49:23.0036350Z" end-time="2023-12-24T19:49:23.0038820Z" duration="0.000247" asserts="0" />
          <test-case id="1007" name="RetrieveAnswerTest(&quot;What are three german car brands?&quot;,[&quot;Volkswagen&quot;, &quot;Mercedes&quot;, &quot;Audi&quot;])" fullname="HCS_Tatar.UnitTest.RetrieveAnswerTest(&quot;What are three german car brands?&quot;,[&quot;Volkswagen&quot;, &quot;Mercedes&quot;, &quot;Audi&quot;])" methodname="RetrieveAnswerTest" classname="HCS_Tatar.UnitTest" runstate="Runnable" seed="774611853" result="Passed" start-time="2023-12-24T19:49:23.0039010Z" end-time="2023-12-24T19:49:23.0040420Z" duration="0.000141" asserts="0" />
        </test-suite>
      </test-suite>
    </test-suite>
  </test-suite>
</test-run>