<?xml version="1.0" encoding="utf-8"?>
<test-run id="2" name="coding_challenge.dll" fullname="/Users/sebastiantatar/Documents/Media/Personal Stuff/Jobs/job_application_2024/Job_8_CGM/coding_challenge/bin/Debug/net8.0/coding_challenge.dll" testcasecount="6" result="Passed" start-time="2023-12-27T08:32:06.9396240Z" end-time="2023-12-27T08:32:06.9654240Z" duration="0.025783" total="6" passed="6" failed="0" inconclusive="0" skipped="0" warnings="0" asserts="0" random-seed="660415947">
  <command-line><![CDATA["/Users/sebastiantatar/Documents/Media/Personal Stuff/Jobs/job_application_2024/Job_8_CGM/coding_challenge/bin/Debug/net8.0/coding_challenge.dll" -test]]></command-line>
  <filter />
  <test-suite type="Assembly" id="1009" name="coding_challenge.dll" fullname="/Users/sebastiantatar/Documents/Media/Personal Stuff/Jobs/job_application_2024/Job_8_CGM/coding_challenge/bin/Debug/net8.0/coding_challenge.dll" runstate="Runnable" testcasecount="6" result="Passed" start-time="2023-12-27T08:32:06.9396240Z" end-time="2023-12-27T08:32:06.9654240Z" duration="0.025783" total="6" passed="6" failed="0" warnings="0" inconclusive="0" skipped="0" asserts="0">
    <environment framework-version="4.0.1.0" clr-version="8.0.0" os-version="Darwin 23.2.0 Darwin Kernel Version 23.2.0: Wed Nov 15 21:53:18 PST 2023; root:xnu-10002.61.3~2/RELEASE_ARM64_T6000" platform="Unix" cwd="/Users/sebastiantatar/Documents/Media/Personal Stuff/Jobs/job_application_2024/Job_8_CGM/coding_challenge" machine-name="Sebastians-MacBook-Pro" user="sebastiantatar" user-domain="Sebastians-MacBook-Pro" culture="en-AT" uiculture="en-AT" os-architecture="x64" />
    <settings>
      <setting name="WorkDirectory" value="/Users/sebastiantatar/Documents/Media/Personal Stuff/Jobs/job_application_2024/Job_8_CGM/coding_challenge" />
      <setting name="NumberOfTestWorkers" value="10" />
    </settings>
    <properties>
      <property name="_PID" value="6958" />
      <property name="_APPDOMAIN" value="coding_challenge" />
    </properties>
    <test-suite type="TestSuite" id="1010" name="HCS_Tatar" fullname="HCS_Tatar" runstate="Runnable" testcasecount="6" result="Passed" start-time="2023-12-27T08:32:06.9416070Z" end-time="2023-12-27T08:32:06.9654150Z" duration="0.023807" total="6" passed="6" failed="0" warnings="0" inconclusive="0" skipped="0" asserts="0">
      <test-suite type="TestFixture" id="1000" name="UnitTest" fullname="HCS_Tatar.UnitTest" classname="HCS_Tatar.UnitTest" runstate="Runnable" testcasecount="6" result="Passed" start-time="2023-12-27T08:32:06.9421460Z" end-time="2023-12-27T08:32:06.9653980Z" duration="0.023252" total="6" passed="6" failed="0" warnings="0" inconclusive="0" skipped="0" asserts="0">
        <test-suite type="ParameterizedMethod" id="1004" name="AddQuestionsTest" fullname="HCS_Tatar.UnitTest.AddQuestionsTest" classname="HCS_Tatar.UnitTest" runstate="Runnable" testcasecount="3" result="Passed" start-time="2023-12-27T08:32:06.9438570Z" end-time="2023-12-27T08:32:06.9639900Z" duration="0.020133" total="3" passed="3" failed="0" warnings="0" inconclusive="0" skipped="0" asserts="0">
          <properties>
            <property name="Order" value="1" />
          </properties>
          <test-case id="1001" name="AddQuestionsTest(&quot;What is Jane's favorite colors? \&quot;Red\&quot; \&quot;Purple\&quot;&quot;)" fullname="HCS_Tatar.UnitTest.AddQuestionsTest(&quot;What is Jane's favorite colors? \&quot;Red\&quot; \&quot;Purple\&quot;&quot;)" methodname="AddQuestionsTest" classname="HCS_Tatar.UnitTest" runstate="Runnable" seed="76341211" result="Passed" start-time="2023-12-27T08:32:06.9439330Z" end-time="2023-12-27T08:32:06.9620210Z" duration="0.018119" asserts="0" />
          <test-case id="1002" name="AddQuestionsTest(&quot;What is Peters favorite food? \&quot;Pizza\&quot; \&quot;Spaghetti\&quot; \&quot;Ice cream\&quot;&quot;)" fullname="HCS_Tatar.UnitTest.AddQuestionsTest(&quot;What is Peters favorite food? \&quot;Pizza\&quot; \&quot;Spaghetti\&quot; \&quot;Ice cream\&quot;&quot;)" methodname="AddQuestionsTest" classname="HCS_Tatar.UnitTest" runstate="Runnable" seed="1094545672" result="Passed" start-time="2023-12-27T08:32:06.9626940Z" end-time="2023-12-27T08:32:06.9633350Z" duration="0.000641" asserts="0" />
          <test-case id="1003" name="AddQuestionsTest(&quot;What are three german car brands? \&quot;Volkswagen\&quot; \&quot;Mercedes\&quot; \&quot;Audi\&quot;&quot;)" fullname="HCS_Tatar.UnitTest.AddQuestionsTest(&quot;What are three german car brands? \&quot;Volkswagen\&quot; \&quot;Mercedes\&quot; \&quot;Audi\&quot;&quot;)" methodname="AddQuestionsTest" classname="HCS_Tatar.UnitTest" runstate="Runnable" seed="27436446" result="Passed" start-time="2023-12-27T08:32:06.9633680Z" end-time="2023-12-27T08:32:06.9635690Z" duration="0.000201" asserts="0" />
        </test-suite>
        <test-suite type="ParameterizedMethod" id="1008" name="RetrieveAnswerTest" fullname="HCS_Tatar.UnitTest.RetrieveAnswerTest" classname="HCS_Tatar.UnitTest" runstate="Runnable" testcasecount="3" result="Passed" start-time="2023-12-27T08:32:06.9641780Z" end-time="2023-12-27T08:32:06.9651380Z" duration="0.000960" total="3" passed="3" failed="0" warnings="0" inconclusive="0" skipped="0" asserts="0">
          <properties>
            <property name="Order" value="2" />
          </properties>
          <test-case id="1005" name="RetrieveAnswerTest(&quot;What is Jane's favorite colors?&quot;,[&quot;Red&quot;, &quot;Purple&quot;],True)" fullname="HCS_Tatar.UnitTest.RetrieveAnswerTest(&quot;What is Jane's favorite colors?&quot;,[&quot;Red&quot;, &quot;Purple&quot;],True)" methodname="RetrieveAnswerTest" classname="HCS_Tatar.UnitTest" runstate="Runnable" seed="272523219" result="Passed" start-time="2023-12-27T08:32:06.9641870Z" end-time="2023-12-27T08:32:06.9646760Z" duration="0.000489" asserts="0" />
          <test-case id="1006" name="RetrieveAnswerTest(&quot;What is Peters favorite food?&quot;,[&quot;Pizza&quot;, &quot;Spaghetti&quot;, &quot;Ice cream&quot;],True)" fullname="HCS_Tatar.UnitTest.RetrieveAnswerTest(&quot;What is Peters favorite food?&quot;,[&quot;Pizza&quot;, &quot;Spaghetti&quot;, &quot;Ice cream&quot;],True)" methodname="RetrieveAnswerTest" classname="HCS_Tatar.UnitTest" runstate="Runnable" seed="1422016354" result="Passed" start-time="2023-12-27T08:32:06.9646980Z" end-time="2023-12-27T08:32:06.9649590Z" duration="0.000261" asserts="0" />
          <test-case id="1007" name="RetrieveAnswerTest(&quot;What are three german car brands?&quot;,[&quot;Volkswagen&quot;, &quot;Mercedes&quot;, &quot;Nissan&quot;],False)" fullname="HCS_Tatar.UnitTest.RetrieveAnswerTest(&quot;What are three german car brands?&quot;,[&quot;Volkswagen&quot;, &quot;Mercedes&quot;, &quot;Nissan&quot;],False)" methodname="RetrieveAnswerTest" classname="HCS_Tatar.UnitTest" runstate="Runnable" seed="2115802406" result="Passed" start-time="2023-12-27T08:32:06.9649770Z" end-time="2023-12-27T08:32:06.9651200Z" duration="0.000143" asserts="0" />
        </test-suite>
      </test-suite>
    </test-suite>
  </test-suite>
</test-run>